17:49:35 INFO  : Launching XSCT server: xsct.bat -n  -interactive C:\Users\jbm\Desktop\mat_pedago\S4e_APP4\S4e_Depart\S4e_Depart.Vitis\temp_xsdb_launch_script.tcl
17:49:35 INFO  : Registering command handlers for Vitis TCF services
17:49:37 INFO  : XSCT server has started successfully.
17:49:38 INFO  : Platform repository initialization has completed.
17:49:38 INFO  : plnx-install-location is set to ''
17:49:38 INFO  : Successfully done setting XSCT server connection channel  
17:49:38 INFO  : Successfully done query RDI_DATADIR 
17:49:38 INFO  : Successfully done setting workspace for the tool. 
17:50:46 INFO  : Result from executing command 'getProjects': main_design_wrapper
17:50:46 INFO  : Result from executing command 'getPlatforms': 
17:50:46 WARN  : An unexpected exception occurred in the module 'platform project logging'
17:50:46 INFO  : Platform 'main_design_wrapper' is added to custom repositories.
17:50:54 INFO  : Platform 'main_design_wrapper' is added to custom repositories.
17:51:32 INFO  : No changes in MSS file content so sources will not be generated.
17:52:03 INFO  : No changes in MSS file content so sources will not be generated.
17:52:22 INFO  : Result from executing command 'getProjects': main_design_wrapper
17:52:22 INFO  : Result from executing command 'getPlatforms': main_design_wrapper|C:/Users/jbm/Desktop/mat_pedago/S4e_APP4/S4e_Depart/S4e_Depart.Vitis/main_design_wrapper/export/main_design_wrapper/main_design_wrapper.xpfm
17:53:05 INFO  : Checking for BSP changes to sync application flags for project 'S4e_code'...
17:53:13 INFO  : Checking for BSP changes to sync application flags for project 'S4e_code'...
17:56:02 INFO  : Checking for BSP changes to sync application flags for project 'S4e_code'...
17:56:56 INFO  : Checking for BSP changes to sync application flags for project 'S4e_code'...
17:58:00 INFO  : Checking for BSP changes to sync application flags for project 'S4e_code'...
17:59:00 INFO  : Checking for BSP changes to sync application flags for project 'S4e_code'...
17:59:34 INFO  : Checking for BSP changes to sync application flags for project 'S4e_code'...
17:59:59 INFO  : Checking for BSP changes to sync application flags for project 'S4e_code'...
18:00:34 INFO  : Checking for BSP changes to sync application flags for project 'S4e_code'...
18:00:41 INFO  : Checking for BSP changes to sync application flags for project 'S4e_code'...
18:00:49 INFO  : Checking for BSP changes to sync application flags for project 'S4e_code'...
18:00:57 INFO  : Checking for BSP changes to sync application flags for project 'S4e_code'...
18:01:03 INFO  : Checking for BSP changes to sync application flags for project 'S4e_code'...
18:01:09 INFO  : Checking for BSP changes to sync application flags for project 'S4e_code'...
18:01:15 INFO  : Checking for BSP changes to sync application flags for project 'S4e_code'...
18:01:22 INFO  : Checking for BSP changes to sync application flags for project 'S4e_code'...
18:01:34 INFO  : Checking for BSP changes to sync application flags for project 'S4e_code'...
18:01:49 INFO  : Checking for BSP changes to sync application flags for project 'S4e_code'...
18:02:06 INFO  : Checking for BSP changes to sync application flags for project 'S4e_code'...
18:02:19 INFO  : Checking for BSP changes to sync application flags for project 'S4e_code'...
18:02:38 INFO  : Checking for BSP changes to sync application flags for project 'S4e_code'...
18:02:54 INFO  : Checking for BSP changes to sync application flags for project 'S4e_code'...
18:03:15 INFO  : Checking for BSP changes to sync application flags for project 'S4e_code'...
18:03:24 INFO  : Checking for BSP changes to sync application flags for project 'S4e_code'...
18:03:53 INFO  : Checking for BSP changes to sync application flags for project 'S4e_code'...
18:04:02 INFO  : Checking for BSP changes to sync application flags for project 'S4e_code'...
18:04:13 INFO  : Checking for BSP changes to sync application flags for project 'S4e_code'...
18:04:20 INFO  : Checking for BSP changes to sync application flags for project 'S4e_code'...
18:04:33 INFO  : Checking for BSP changes to sync application flags for project 'S4e_code'...
18:04:45 INFO  : Checking for BSP changes to sync application flags for project 'S4e_code'...
18:05:32 INFO  : Checking for BSP changes to sync application flags for project 'S4e_code'...
18:06:08 INFO  : Checking for BSP changes to sync application flags for project 'S4e_code'...
18:06:50 INFO  : Checking for BSP changes to sync application flags for project 'S4e_code'...
18:07:37 INFO  : Checking for BSP changes to sync application flags for project 'S4e_code'...
18:08:15 INFO  : Checking for BSP changes to sync application flags for project 'S4e_code'...
18:08:54 INFO  : Checking for BSP changes to sync application flags for project 'S4e_code'...
18:10:57 INFO  : Checking for BSP changes to sync application flags for project 'S4e_code'...
18:16:15 INFO  : Result from executing command 'getProjects': main_design_wrapper
18:16:15 INFO  : Result from executing command 'getPlatforms': main_design_wrapper|C:/Users/jbm/Desktop/mat_pedago/S4e_APP4/S4e_Depart/S4e_Depart.Vitis/main_design_wrapper/export/main_design_wrapper/main_design_wrapper.xpfm
18:16:15 INFO  : Checking for BSP changes to sync application flags for project 'S4e_code'...
18:19:53 INFO  : Checking for BSP changes to sync application flags for project 'S4e_code'...
18:21:49 INFO  : Checking for BSP changes to sync application flags for project 'S4e_code'...
18:22:09 INFO  : Checking for BSP changes to sync application flags for project 'S4e_code'...
18:25:29 INFO  : Bit file 'C:/Users/jbm/Desktop/mat_pedago/S4e_APP4/S4e_Depart/S4e_Depart.Vitis/S4e_code/_ide/bitstream/download.bit' is generated.
18:26:08 INFO  : Connected to target on host '127.0.0.1' and port '3121'.
18:26:10 INFO  : Jtag cable 'Digilent Zybo Z7 210351A77F42A' is selected.
18:26:10 INFO  : 'jtag frequency' command is executed.
18:26:12 INFO  : Context for 'APU' is selected.
18:26:12 INFO  : System reset is completed.
18:26:15 INFO  : 'after 3000' command is executed.
18:26:17 INFO  : 'targets -set -filter {jtag_cable_name =~ "Digilent Zybo Z7 210351A77F42A" && level==0 && jtag_device_ctx=="jsn-Zybo Z7-210351A77F42A-13722093-0"}' command is executed.
18:26:18 INFO  : Device configured successfully with "C:/Users/jbm/Desktop/mat_pedago/S4e_APP4/S4e_Depart/S4e_Depart.Vitis/S4e_code/_ide/bitstream/main_design_wrapper.bit"
18:26:20 INFO  : Context for 'APU' is selected.
18:26:20 INFO  : Hardware design and registers information is loaded from 'C:/Users/jbm/Desktop/mat_pedago/S4e_APP4/S4e_Depart/S4e_Depart.Vitis/main_design_wrapper/export/main_design_wrapper/hw/main_design_wrapper.xsa'.
18:26:20 INFO  : 'configparams force-mem-access 1' command is executed.
18:26:20 INFO  : Context for 'APU' is selected.
18:26:20 INFO  : 'configparams mdm-detect-bscan-mask 2' command is executed.
18:26:20 INFO  : Context for processor 'microblaze_0' is selected.
18:26:20 ERROR : Cannot stop MicroBlaze. MicroBlaze is held in reset
18:26:20 INFO  : ----------------XSDB Script----------------
connect -url tcp:127.0.0.1:3121
targets -set -nocase -filter {name =~"APU*"}
rst -system
after 3000
targets -set -filter {jtag_cable_name =~ "Digilent Zybo Z7 210351A77F42A" && level==0 && jtag_device_ctx=="jsn-Zybo Z7-210351A77F42A-13722093-0"}
fpga -file C:/Users/jbm/Desktop/mat_pedago/S4e_APP4/S4e_Depart/S4e_Depart.Vitis/S4e_code/_ide/bitstream/main_design_wrapper.bit
targets -set -nocase -filter {name =~"APU*"}
loadhw -hw C:/Users/jbm/Desktop/mat_pedago/S4e_APP4/S4e_Depart/S4e_Depart.Vitis/main_design_wrapper/export/main_design_wrapper/hw/main_design_wrapper.xsa -mem-ranges [list {0x40000000 0xbfffffff}] -regs
configparams force-mem-access 1
targets -set -nocase -filter {name =~"APU*"}
configparams mdm-detect-bscan-mask 2
targets -set -nocase -filter {name =~ "*microblaze*#0" && bscan=="USER2" }
dow C:/Users/jbm/Desktop/mat_pedago/S4e_APP4/S4e_Depart/S4e_Depart.Vitis/S4e_code/Debug/S4e_code.elf
----------------End of Script----------------

18:26:20 ERROR : Cannot stop MicroBlaze. MicroBlaze is held in reset
18:27:14 INFO  : Connected to target on host '127.0.0.1' and port '3121'.
18:27:14 INFO  : Jtag cable 'Digilent Zybo Z7 210351A77F42A' is selected.
18:27:14 INFO  : 'jtag frequency' command is executed.
18:27:14 INFO  : Context for 'APU' is selected.
18:27:14 INFO  : System reset is completed.
18:27:17 INFO  : 'after 3000' command is executed.
18:27:17 INFO  : 'targets -set -filter {jtag_cable_name =~ "Digilent Zybo Z7 210351A77F42A" && level==0 && jtag_device_ctx=="jsn-Zybo Z7-210351A77F42A-13722093-0"}' command is executed.
18:27:18 INFO  : Device configured successfully with "C:/Users/jbm/Desktop/mat_pedago/S4e_APP4/S4e_Depart/S4e_Depart.Vitis/S4e_code/_ide/bitstream/main_design_wrapper.bit"
18:27:18 INFO  : Context for 'APU' is selected.
18:27:18 INFO  : Hardware design and registers information is loaded from 'C:/Users/jbm/Desktop/mat_pedago/S4e_APP4/S4e_Depart/S4e_Depart.Vitis/main_design_wrapper/export/main_design_wrapper/hw/main_design_wrapper.xsa'.
18:27:18 INFO  : 'configparams force-mem-access 1' command is executed.
18:27:18 INFO  : Context for 'APU' is selected.
18:27:18 INFO  : Sourcing of 'C:/Users/jbm/Desktop/mat_pedago/S4e_APP4/S4e_Depart/S4e_Depart.Vitis/S4e_code/_ide/psinit/ps7_init.tcl' is done.
18:27:19 INFO  : 'ps7_init' command is executed.
18:27:19 INFO  : 'ps7_post_config' command is executed.
18:27:19 INFO  : 'configparams mdm-detect-bscan-mask 2' command is executed.
18:27:20 INFO  : Context for processor 'microblaze_0' is selected.
18:27:20 ERROR : Cannot stop MicroBlaze. MicroBlaze is held in reset
18:27:20 INFO  : ----------------XSDB Script----------------
connect -url tcp:127.0.0.1:3121
targets -set -nocase -filter {name =~"APU*"}
rst -system
after 3000
targets -set -filter {jtag_cable_name =~ "Digilent Zybo Z7 210351A77F42A" && level==0 && jtag_device_ctx=="jsn-Zybo Z7-210351A77F42A-13722093-0"}
fpga -file C:/Users/jbm/Desktop/mat_pedago/S4e_APP4/S4e_Depart/S4e_Depart.Vitis/S4e_code/_ide/bitstream/main_design_wrapper.bit
targets -set -nocase -filter {name =~"APU*"}
loadhw -hw C:/Users/jbm/Desktop/mat_pedago/S4e_APP4/S4e_Depart/S4e_Depart.Vitis/main_design_wrapper/export/main_design_wrapper/hw/main_design_wrapper.xsa -mem-ranges [list {0x40000000 0xbfffffff}] -regs
configparams force-mem-access 1
targets -set -nocase -filter {name =~"APU*"}
source C:/Users/jbm/Desktop/mat_pedago/S4e_APP4/S4e_Depart/S4e_Depart.Vitis/S4e_code/_ide/psinit/ps7_init.tcl
ps7_init
ps7_post_config
configparams mdm-detect-bscan-mask 2
targets -set -nocase -filter {name =~ "*microblaze*#0" && bscan=="USER2" }
dow C:/Users/jbm/Desktop/mat_pedago/S4e_APP4/S4e_Depart/S4e_Depart.Vitis/S4e_code/Debug/S4e_code.elf
----------------End of Script----------------

18:27:20 ERROR : Cannot stop MicroBlaze. MicroBlaze is held in reset
18:27:50 INFO  : Bit file 'C:/Users/jbm/Desktop/mat_pedago/S4e_APP4/S4e_Depart/S4e_Depart.Vitis/S4e_code/_ide/bitstream/download.bit' is generated.
18:27:50 INFO  : Connected to target on host '127.0.0.1' and port '3121'.
18:27:50 INFO  : 'targets -set -filter {jtag_cable_name =~ "Digilent Zybo Z7 210351A77F42A" && level==0 && jtag_device_ctx=="jsn-Zybo Z7-210351A77F42A-13722093-0"}' command is executed.
18:27:51 INFO  : Device configured successfully with "C:/Users/jbm/Desktop/mat_pedago/S4e_APP4/S4e_Depart/S4e_Depart.Vitis/S4e_code/_ide/bitstream/download.bit"
18:30:51 INFO  : Connected to target on host '127.0.0.1' and port '3121'.
18:30:51 INFO  : Jtag cable 'Digilent Zybo Z7 210351A77F42A' is selected.
18:30:51 INFO  : 'jtag frequency' command is executed.
18:30:51 INFO  : Context for 'APU' is selected.
18:30:52 INFO  : System reset is completed.
18:30:55 INFO  : 'after 3000' command is executed.
18:30:55 INFO  : 'targets -set -filter {jtag_cable_name =~ "Digilent Zybo Z7 210351A77F42A" && level==0 && jtag_device_ctx=="jsn-Zybo Z7-210351A77F42A-13722093-0"}' command is executed.
18:30:56 INFO  : Device configured successfully with "C:/Users/jbm/Desktop/mat_pedago/S4e_APP4/S4e_Depart/S4e_Depart.Vitis/S4e_code/_ide/bitstream/main_design_wrapper.bit"
18:30:56 INFO  : Context for 'APU' is selected.
18:30:56 INFO  : Hardware design and registers information is loaded from 'C:/Users/jbm/Desktop/mat_pedago/S4e_APP4/S4e_Depart/S4e_Depart.Vitis/main_design_wrapper/export/main_design_wrapper/hw/main_design_wrapper.xsa'.
18:30:56 INFO  : 'configparams force-mem-access 1' command is executed.
18:30:56 INFO  : Context for 'APU' is selected.
18:30:56 INFO  : Sourcing of 'C:/Users/jbm/Desktop/mat_pedago/S4e_APP4/S4e_Depart/S4e_Depart.Vitis/S4e_code/_ide/psinit/ps7_init.tcl' is done.
18:30:57 INFO  : 'ps7_init' command is executed.
18:30:57 INFO  : 'ps7_post_config' command is executed.
18:30:57 INFO  : 'configparams mdm-detect-bscan-mask 2' command is executed.
18:30:57 INFO  : Context for processor 'microblaze_0' is selected.
18:30:57 ERROR : Cannot stop MicroBlaze. MicroBlaze is held in reset
18:30:57 INFO  : ----------------XSDB Script----------------
connect -url tcp:127.0.0.1:3121
targets -set -nocase -filter {name =~"APU*"}
rst -system
after 3000
targets -set -filter {jtag_cable_name =~ "Digilent Zybo Z7 210351A77F42A" && level==0 && jtag_device_ctx=="jsn-Zybo Z7-210351A77F42A-13722093-0"}
fpga -file C:/Users/jbm/Desktop/mat_pedago/S4e_APP4/S4e_Depart/S4e_Depart.Vitis/S4e_code/_ide/bitstream/main_design_wrapper.bit
targets -set -nocase -filter {name =~"APU*"}
loadhw -hw C:/Users/jbm/Desktop/mat_pedago/S4e_APP4/S4e_Depart/S4e_Depart.Vitis/main_design_wrapper/export/main_design_wrapper/hw/main_design_wrapper.xsa -mem-ranges [list {0x40000000 0xbfffffff}] -regs
configparams force-mem-access 1
targets -set -nocase -filter {name =~"APU*"}
source C:/Users/jbm/Desktop/mat_pedago/S4e_APP4/S4e_Depart/S4e_Depart.Vitis/S4e_code/_ide/psinit/ps7_init.tcl
ps7_init
ps7_post_config
configparams mdm-detect-bscan-mask 2
targets -set -nocase -filter {name =~ "*microblaze*#0" && bscan=="USER2" }
dow C:/Users/jbm/Desktop/mat_pedago/S4e_APP4/S4e_Depart/S4e_Depart.Vitis/S4e_code/Debug/S4e_code.elf
----------------End of Script----------------

18:30:57 ERROR : Cannot stop MicroBlaze. MicroBlaze is held in reset
18:43:34 INFO  : Hardware specification for platform project 'main_design_wrapper' is updated.
18:43:41 INFO  : Result from executing command 'getProjects': main_design_wrapper
18:43:41 INFO  : Result from executing command 'getPlatforms': main_design_wrapper|C:/Users/jbm/Desktop/mat_pedago/S4e_APP4/S4e_Depart/S4e_Depart.Vitis/main_design_wrapper/export/main_design_wrapper/main_design_wrapper.xpfm
18:43:49 INFO  : Checking for BSP changes to sync application flags for project 'S4e_code'...
18:43:55 INFO  : The hardware specfication used by project 'S4e_code' is out of sync with the platform. Resource files extracted from the hardware specfiication will be updated.
18:43:55 INFO  : The file 'C:\Users\jbm\Desktop\mat_pedago\S4e_APP4\S4e_Depart\S4e_Depart.Vitis\S4e_code\_ide\bitstream\download.bit' stored in project is removed.
18:43:55 INFO  : The file 'C:\Users\jbm\Desktop\mat_pedago\S4e_APP4\S4e_Depart\S4e_Depart.Vitis\S4e_code\_ide\bitstream\main_design_wrapper.bit' stored in project is removed.
18:43:55 INFO  : The file 'C:\Users\jbm\Desktop\mat_pedago\S4e_APP4\S4e_Depart\S4e_Depart.Vitis\S4e_code\_ide\bitstream\main_design_wrapper.mmi' stored in project is removed.
18:43:55 INFO  : The updated bitstream files are copied from platform to folder 'C:\Users\jbm\Desktop\mat_pedago\S4e_APP4\S4e_Depart\S4e_Depart.Vitis\S4e_code\_ide\bitstream' in project 'S4e_code'.
18:43:55 INFO  : The file 'C:\Users\jbm\Desktop\mat_pedago\S4e_APP4\S4e_Depart\S4e_Depart.Vitis\S4e_code\_ide\psinit\ps7_init.tcl' stored in project is removed.
18:44:00 INFO  : The updated ps init files are copied from platform to folder 'C:\Users\jbm\Desktop\mat_pedago\S4e_APP4\S4e_Depart\S4e_Depart.Vitis\S4e_code\_ide\psinit' in project 'S4e_code'.
18:44:00 INFO  : Connected to target on host '127.0.0.1' and port '3121'.
18:44:01 INFO  : Jtag cable 'Digilent Zybo Z7 210351A77F42A' is selected.
18:44:01 INFO  : 'jtag frequency' command is executed.
18:44:01 INFO  : Context for 'APU' is selected.
18:44:01 INFO  : System reset is completed.
18:44:04 INFO  : 'after 3000' command is executed.
18:44:04 INFO  : 'targets -set -filter {jtag_cable_name =~ "Digilent Zybo Z7 210351A77F42A" && level==0 && jtag_device_ctx=="jsn-Zybo Z7-210351A77F42A-13722093-0"}' command is executed.
18:44:05 INFO  : Device configured successfully with "C:/Users/jbm/Desktop/mat_pedago/S4e_APP4/S4e_Depart/S4e_Depart.Vitis/S4e_code/_ide/bitstream/main_design_wrapper.bit"
18:44:05 INFO  : Context for 'APU' is selected.
18:44:05 INFO  : Hardware design and registers information is loaded from 'C:/Users/jbm/Desktop/mat_pedago/S4e_APP4/S4e_Depart/S4e_Depart.Vitis/main_design_wrapper/export/main_design_wrapper/hw/main_design_wrapper.xsa'.
18:44:05 INFO  : 'configparams force-mem-access 1' command is executed.
18:44:05 INFO  : Context for 'APU' is selected.
18:44:05 INFO  : Sourcing of 'C:/Users/jbm/Desktop/mat_pedago/S4e_APP4/S4e_Depart/S4e_Depart.Vitis/S4e_code/_ide/psinit/ps7_init.tcl' is done.
18:44:06 INFO  : 'ps7_init' command is executed.
18:44:06 INFO  : 'ps7_post_config' command is executed.
18:44:06 INFO  : 'configparams mdm-detect-bscan-mask 2' command is executed.
18:44:06 INFO  : Context for processor 'microblaze_0' is selected.
18:44:06 INFO  : The application 'C:/Users/jbm/Desktop/mat_pedago/S4e_APP4/S4e_Depart/S4e_Depart.Vitis/S4e_code/Debug/S4e_code.elf' is downloaded to processor 'microblaze_0'.
18:44:06 INFO  : 'configparams force-mem-access 0' command is executed.
18:44:06 INFO  : ----------------XSDB Script----------------
connect -url tcp:127.0.0.1:3121
targets -set -nocase -filter {name =~"APU*"}
rst -system
after 3000
targets -set -filter {jtag_cable_name =~ "Digilent Zybo Z7 210351A77F42A" && level==0 && jtag_device_ctx=="jsn-Zybo Z7-210351A77F42A-13722093-0"}
fpga -file C:/Users/jbm/Desktop/mat_pedago/S4e_APP4/S4e_Depart/S4e_Depart.Vitis/S4e_code/_ide/bitstream/main_design_wrapper.bit
targets -set -nocase -filter {name =~"APU*"}
loadhw -hw C:/Users/jbm/Desktop/mat_pedago/S4e_APP4/S4e_Depart/S4e_Depart.Vitis/main_design_wrapper/export/main_design_wrapper/hw/main_design_wrapper.xsa -mem-ranges [list {0x40000000 0xbfffffff}] -regs
configparams force-mem-access 1
targets -set -nocase -filter {name =~"APU*"}
source C:/Users/jbm/Desktop/mat_pedago/S4e_APP4/S4e_Depart/S4e_Depart.Vitis/S4e_code/_ide/psinit/ps7_init.tcl
ps7_init
ps7_post_config
configparams mdm-detect-bscan-mask 2
targets -set -nocase -filter {name =~ "*microblaze*#0" && bscan=="USER2" }
dow C:/Users/jbm/Desktop/mat_pedago/S4e_APP4/S4e_Depart/S4e_Depart.Vitis/S4e_code/Debug/S4e_code.elf
configparams force-mem-access 0
----------------End of Script----------------

18:44:06 INFO  : Context for processor 'microblaze_0' is selected.
18:44:06 INFO  : 'con' command is executed.
18:44:06 INFO  : ----------------XSDB Script (After Launch)----------------
targets -set -nocase -filter {name =~ "*microblaze*#0" && bscan=="USER2" }
con
----------------End of Script----------------

18:44:06 INFO  : Launch script is exported to file 'C:\Users\jbm\Desktop\mat_pedago\S4e_APP4\S4e_Depart\S4e_Depart.Vitis\S4e_system\_ide\scripts\debugger_s4e_code-default.tcl'
18:45:26 INFO  : Disconnected from the channel tcfchan#3.
18:45:28 INFO  : Connected to target on host '127.0.0.1' and port '3121'.
18:45:29 INFO  : Jtag cable 'Digilent Zybo Z7 210351A77F42A' is selected.
18:45:29 INFO  : 'jtag frequency' command is executed.
18:45:29 INFO  : Context for 'APU' is selected.
18:45:29 INFO  : System reset is completed.
18:45:32 INFO  : 'after 3000' command is executed.
18:45:33 INFO  : 'targets -set -filter {jtag_cable_name =~ "Digilent Zybo Z7 210351A77F42A" && level==0 && jtag_device_ctx=="jsn-Zybo Z7-210351A77F42A-13722093-0"}' command is executed.
18:45:34 INFO  : Device configured successfully with "C:/Users/jbm/Desktop/mat_pedago/S4e_APP4/S4e_Depart/S4e_Depart.Vitis/S4e_code/_ide/bitstream/main_design_wrapper.bit"
18:45:34 INFO  : Context for 'APU' is selected.
18:45:34 INFO  : Hardware design and registers information is loaded from 'C:/Users/jbm/Desktop/mat_pedago/S4e_APP4/S4e_Depart/S4e_Depart.Vitis/main_design_wrapper/export/main_design_wrapper/hw/main_design_wrapper.xsa'.
18:45:34 INFO  : 'configparams force-mem-access 1' command is executed.
18:45:34 INFO  : Context for 'APU' is selected.
18:45:34 INFO  : Sourcing of 'C:/Users/jbm/Desktop/mat_pedago/S4e_APP4/S4e_Depart/S4e_Depart.Vitis/S4e_code/_ide/psinit/ps7_init.tcl' is done.
18:45:34 INFO  : 'ps7_init' command is executed.
18:45:34 INFO  : 'ps7_post_config' command is executed.
18:45:34 INFO  : 'configparams mdm-detect-bscan-mask 2' command is executed.
18:45:34 INFO  : Context for processor 'microblaze_0' is selected.
18:45:35 INFO  : The application 'C:/Users/jbm/Desktop/mat_pedago/S4e_APP4/S4e_Depart/S4e_Depart.Vitis/S4e_code/Debug/S4e_code.elf' is downloaded to processor 'microblaze_0'.
18:45:35 INFO  : 'configparams force-mem-access 0' command is executed.
18:45:35 INFO  : ----------------XSDB Script----------------
connect -url tcp:127.0.0.1:3121
targets -set -nocase -filter {name =~"APU*"}
rst -system
after 3000
targets -set -filter {jtag_cable_name =~ "Digilent Zybo Z7 210351A77F42A" && level==0 && jtag_device_ctx=="jsn-Zybo Z7-210351A77F42A-13722093-0"}
fpga -file C:/Users/jbm/Desktop/mat_pedago/S4e_APP4/S4e_Depart/S4e_Depart.Vitis/S4e_code/_ide/bitstream/main_design_wrapper.bit
targets -set -nocase -filter {name =~"APU*"}
loadhw -hw C:/Users/jbm/Desktop/mat_pedago/S4e_APP4/S4e_Depart/S4e_Depart.Vitis/main_design_wrapper/export/main_design_wrapper/hw/main_design_wrapper.xsa -mem-ranges [list {0x40000000 0xbfffffff}] -regs
configparams force-mem-access 1
targets -set -nocase -filter {name =~"APU*"}
source C:/Users/jbm/Desktop/mat_pedago/S4e_APP4/S4e_Depart/S4e_Depart.Vitis/S4e_code/_ide/psinit/ps7_init.tcl
ps7_init
ps7_post_config
configparams mdm-detect-bscan-mask 2
targets -set -nocase -filter {name =~ "*microblaze*#0" && bscan=="USER2" }
dow C:/Users/jbm/Desktop/mat_pedago/S4e_APP4/S4e_Depart/S4e_Depart.Vitis/S4e_code/Debug/S4e_code.elf
configparams force-mem-access 0
----------------End of Script----------------

18:45:35 INFO  : Context for processor 'microblaze_0' is selected.
18:45:35 INFO  : 'con' command is executed.
18:45:35 INFO  : ----------------XSDB Script (After Launch)----------------
targets -set -nocase -filter {name =~ "*microblaze*#0" && bscan=="USER2" }
con
----------------End of Script----------------

18:45:35 INFO  : Launch script is exported to file 'C:\Users\jbm\Desktop\mat_pedago\S4e_APP4\S4e_Depart\S4e_Depart.Vitis\S4e_system\_ide\scripts\debugger_s4e_code-default.tcl'
18:59:29 INFO  : Checking for BSP changes to sync application flags for project 'S4e_code'...
18:59:43 INFO  : Disconnected from the channel tcfchan#5.
18:59:44 INFO  : Connected to target on host '127.0.0.1' and port '3121'.
18:59:45 INFO  : Jtag cable 'Digilent Zybo Z7 210351A77F42A' is selected.
18:59:45 INFO  : 'jtag frequency' command is executed.
18:59:45 INFO  : Context for 'APU' is selected.
18:59:45 INFO  : System reset is completed.
18:59:48 INFO  : 'after 3000' command is executed.
18:59:48 INFO  : 'targets -set -filter {jtag_cable_name =~ "Digilent Zybo Z7 210351A77F42A" && level==0 && jtag_device_ctx=="jsn-Zybo Z7-210351A77F42A-13722093-0"}' command is executed.
18:59:49 INFO  : Device configured successfully with "C:/Users/jbm/Desktop/mat_pedago/S4e_APP4/S4e_Depart/S4e_Depart.Vitis/S4e_code/_ide/bitstream/main_design_wrapper.bit"
18:59:49 INFO  : Context for 'APU' is selected.
18:59:49 INFO  : Hardware design and registers information is loaded from 'C:/Users/jbm/Desktop/mat_pedago/S4e_APP4/S4e_Depart/S4e_Depart.Vitis/main_design_wrapper/export/main_design_wrapper/hw/main_design_wrapper.xsa'.
18:59:49 INFO  : 'configparams force-mem-access 1' command is executed.
18:59:49 INFO  : Context for 'APU' is selected.
18:59:49 INFO  : 'configparams mdm-detect-bscan-mask 2' command is executed.
18:59:49 INFO  : Context for processor 'microblaze_0' is selected.
18:59:50 INFO  : The application 'C:/Users/jbm/Desktop/mat_pedago/S4e_APP4/S4e_Depart/S4e_Depart.Vitis/S4e_code/Debug/S4e_code.elf' is downloaded to processor 'microblaze_0'.
18:59:50 INFO  : 'configparams force-mem-access 0' command is executed.
18:59:50 INFO  : ----------------XSDB Script----------------
connect -url tcp:127.0.0.1:3121
targets -set -nocase -filter {name =~"APU*"}
rst -system
after 3000
targets -set -filter {jtag_cable_name =~ "Digilent Zybo Z7 210351A77F42A" && level==0 && jtag_device_ctx=="jsn-Zybo Z7-210351A77F42A-13722093-0"}
fpga -file C:/Users/jbm/Desktop/mat_pedago/S4e_APP4/S4e_Depart/S4e_Depart.Vitis/S4e_code/_ide/bitstream/main_design_wrapper.bit
targets -set -nocase -filter {name =~"APU*"}
loadhw -hw C:/Users/jbm/Desktop/mat_pedago/S4e_APP4/S4e_Depart/S4e_Depart.Vitis/main_design_wrapper/export/main_design_wrapper/hw/main_design_wrapper.xsa -mem-ranges [list {0x40000000 0xbfffffff}] -regs
configparams force-mem-access 1
targets -set -nocase -filter {name =~"APU*"}
configparams mdm-detect-bscan-mask 2
targets -set -nocase -filter {name =~ "*microblaze*#0" && bscan=="USER2" }
dow C:/Users/jbm/Desktop/mat_pedago/S4e_APP4/S4e_Depart/S4e_Depart.Vitis/S4e_code/Debug/S4e_code.elf
configparams force-mem-access 0
----------------End of Script----------------

18:59:50 INFO  : Context for processor 'microblaze_0' is selected.
18:59:50 INFO  : 'con' command is executed.
18:59:50 INFO  : ----------------XSDB Script (After Launch)----------------
targets -set -nocase -filter {name =~ "*microblaze*#0" && bscan=="USER2" }
con
----------------End of Script----------------

18:59:50 INFO  : Launch script is exported to file 'C:\Users\jbm\Desktop\mat_pedago\S4e_APP4\S4e_Depart\S4e_Depart.Vitis\S4e_system\_ide\scripts\debugger_s4e_code-default.tcl'
19:01:44 INFO  : Disconnected from the channel tcfchan#6.
19:01:45 INFO  : Connected to target on host '127.0.0.1' and port '3121'.
19:01:47 INFO  : Jtag cable 'Digilent Zybo Z7 210351A77F42A' is selected.
19:01:47 INFO  : 'jtag frequency' command is executed.
19:01:47 INFO  : Context for 'APU' is selected.
19:01:47 INFO  : System reset is completed.
19:01:50 INFO  : 'after 3000' command is executed.
19:01:50 INFO  : 'targets -set -filter {jtag_cable_name =~ "Digilent Zybo Z7 210351A77F42A" && level==0 && jtag_device_ctx=="jsn-Zybo Z7-210351A77F42A-13722093-0"}' command is executed.
19:01:51 INFO  : Device configured successfully with "C:/Users/jbm/Desktop/mat_pedago/S4e_APP4/S4e_Depart/S4e_Depart.Vitis/S4e_code/_ide/bitstream/main_design_wrapper.bit"
19:01:51 INFO  : Context for 'APU' is selected.
19:01:51 INFO  : Hardware design and registers information is loaded from 'C:/Users/jbm/Desktop/mat_pedago/S4e_APP4/S4e_Depart/S4e_Depart.Vitis/main_design_wrapper/export/main_design_wrapper/hw/main_design_wrapper.xsa'.
19:01:51 INFO  : 'configparams force-mem-access 1' command is executed.
19:01:51 INFO  : Context for 'APU' is selected.
19:01:51 INFO  : 'configparams mdm-detect-bscan-mask 2' command is executed.
19:01:51 INFO  : Context for processor 'microblaze_0' is selected.
19:01:52 INFO  : The application 'C:/Users/jbm/Desktop/mat_pedago/S4e_APP4/S4e_Depart/S4e_Depart.Vitis/S4e_code/Debug/S4e_code.elf' is downloaded to processor 'microblaze_0'.
19:01:52 INFO  : 'configparams force-mem-access 0' command is executed.
19:01:52 INFO  : ----------------XSDB Script----------------
connect -url tcp:127.0.0.1:3121
targets -set -nocase -filter {name =~"APU*"}
rst -system
after 3000
targets -set -filter {jtag_cable_name =~ "Digilent Zybo Z7 210351A77F42A" && level==0 && jtag_device_ctx=="jsn-Zybo Z7-210351A77F42A-13722093-0"}
fpga -file C:/Users/jbm/Desktop/mat_pedago/S4e_APP4/S4e_Depart/S4e_Depart.Vitis/S4e_code/_ide/bitstream/main_design_wrapper.bit
targets -set -nocase -filter {name =~"APU*"}
loadhw -hw C:/Users/jbm/Desktop/mat_pedago/S4e_APP4/S4e_Depart/S4e_Depart.Vitis/main_design_wrapper/export/main_design_wrapper/hw/main_design_wrapper.xsa -mem-ranges [list {0x40000000 0xbfffffff}] -regs
configparams force-mem-access 1
targets -set -nocase -filter {name =~"APU*"}
configparams mdm-detect-bscan-mask 2
targets -set -nocase -filter {name =~ "*microblaze*#0" && bscan=="USER2" }
dow C:/Users/jbm/Desktop/mat_pedago/S4e_APP4/S4e_Depart/S4e_Depart.Vitis/S4e_code/Debug/S4e_code.elf
configparams force-mem-access 0
----------------End of Script----------------

19:01:52 INFO  : Context for processor 'microblaze_0' is selected.
19:01:52 INFO  : 'con' command is executed.
19:01:52 INFO  : ----------------XSDB Script (After Launch)----------------
targets -set -nocase -filter {name =~ "*microblaze*#0" && bscan=="USER2" }
con
----------------End of Script----------------

19:01:52 INFO  : Launch script is exported to file 'C:\Users\jbm\Desktop\mat_pedago\S4e_APP4\S4e_Depart\S4e_Depart.Vitis\S4e_system\_ide\scripts\debugger_s4e_code-default.tcl'
19:13:04 INFO  : Checking for BSP changes to sync application flags for project 'S4e_code'...
19:30:50 INFO  : Checking for BSP changes to sync application flags for project 'S4e_code'...
21:01:57 INFO  : Disconnected from the channel tcfchan#7.
21:02:01 INFO  : Connected to target on host '127.0.0.1' and port '3121'.
21:02:01 INFO  : Jtag cable 'Digilent Zybo Z7 210351A77F42A' is selected.
21:02:01 INFO  : 'jtag frequency' command is executed.
21:02:01 INFO  : Context for 'APU' is selected.
21:02:02 INFO  : System reset is completed.
21:02:05 INFO  : 'after 3000' command is executed.
21:02:05 INFO  : 'targets -set -filter {jtag_cable_name =~ "Digilent Zybo Z7 210351A77F42A" && level==0 && jtag_device_ctx=="jsn-Zybo Z7-210351A77F42A-13722093-0"}' command is executed.
21:02:06 INFO  : Device configured successfully with "C:/Users/jbm/Desktop/mat_pedago/S4e_APP4/S4e_Depart/S4e_Depart.Vitis/S4e_code/_ide/bitstream/main_design_wrapper.bit"
21:02:06 INFO  : Context for 'APU' is selected.
21:02:06 INFO  : Hardware design and registers information is loaded from 'C:/Users/jbm/Desktop/mat_pedago/S4e_APP4/S4e_Depart/S4e_Depart.Vitis/main_design_wrapper/export/main_design_wrapper/hw/main_design_wrapper.xsa'.
21:02:06 INFO  : 'configparams force-mem-access 1' command is executed.
21:02:06 INFO  : Context for 'APU' is selected.
21:02:06 INFO  : 'configparams mdm-detect-bscan-mask 2' command is executed.
21:02:06 INFO  : Context for processor 'microblaze_0' is selected.
21:02:07 INFO  : The application 'C:/Users/jbm/Desktop/mat_pedago/S4e_APP4/S4e_Depart/S4e_Depart.Vitis/S4e_code/Debug/S4e_code.elf' is downloaded to processor 'microblaze_0'.
21:02:07 INFO  : 'configparams force-mem-access 0' command is executed.
21:02:07 INFO  : ----------------XSDB Script----------------
connect -url tcp:127.0.0.1:3121
targets -set -nocase -filter {name =~"APU*"}
rst -system
after 3000
targets -set -filter {jtag_cable_name =~ "Digilent Zybo Z7 210351A77F42A" && level==0 && jtag_device_ctx=="jsn-Zybo Z7-210351A77F42A-13722093-0"}
fpga -file C:/Users/jbm/Desktop/mat_pedago/S4e_APP4/S4e_Depart/S4e_Depart.Vitis/S4e_code/_ide/bitstream/main_design_wrapper.bit
targets -set -nocase -filter {name =~"APU*"}
loadhw -hw C:/Users/jbm/Desktop/mat_pedago/S4e_APP4/S4e_Depart/S4e_Depart.Vitis/main_design_wrapper/export/main_design_wrapper/hw/main_design_wrapper.xsa -mem-ranges [list {0x40000000 0xbfffffff}] -regs
configparams force-mem-access 1
targets -set -nocase -filter {name =~"APU*"}
configparams mdm-detect-bscan-mask 2
targets -set -nocase -filter {name =~ "*microblaze*#0" && bscan=="USER2" }
dow C:/Users/jbm/Desktop/mat_pedago/S4e_APP4/S4e_Depart/S4e_Depart.Vitis/S4e_code/Debug/S4e_code.elf
configparams force-mem-access 0
----------------End of Script----------------

21:02:07 INFO  : Context for processor 'microblaze_0' is selected.
21:02:07 INFO  : 'con' command is executed.
21:02:07 INFO  : ----------------XSDB Script (After Launch)----------------
targets -set -nocase -filter {name =~ "*microblaze*#0" && bscan=="USER2" }
con
----------------End of Script----------------

21:02:07 INFO  : Launch script is exported to file 'C:\Users\jbm\Desktop\mat_pedago\S4e_APP4\S4e_Depart\S4e_Depart.Vitis\S4e_system\_ide\scripts\debugger_s4e_code-default.tcl'
21:08:18 INFO  : Disconnected from the channel tcfchan#8.
21:15:24 INFO  : Bit file 'C:/Users/jbm/Desktop/mat_pedago/S4e_APP4/S4e_Depart/S4e_Depart.Vitis/S4e_code/_ide/bitstream/download.bit' is generated.
21:15:24 INFO  : Connected to target on host '127.0.0.1' and port '3121'.
21:15:24 INFO  : 'targets -set -filter {jtag_cable_name =~ "Digilent Zybo Z7 210351A77F42A" && level==0 && jtag_device_ctx=="jsn-Zybo Z7-210351A77F42A-13722093-0"}' command is executed.
21:15:26 INFO  : Device configured successfully with "C:/Users/jbm/Desktop/mat_pedago/S4e_APP4/S4e_Depart/S4e_Depart.Vitis/S4e_code/_ide/bitstream/download.bit"
21:33:51 INFO  : Checking for BSP changes to sync application flags for project 'S4e_code'...
21:34:39 INFO  : Connected to target on host '127.0.0.1' and port '3121'.
21:34:39 WARN  : IDE version '2020.2' doesn't match hw_server version '2019.1'. Some debug features may not work.
21:34:50 INFO  : Jtag cable 'Digilent Zybo Z7 210351A77F42A' is selected.
21:34:50 INFO  : 'jtag frequency' command is executed.
21:34:50 INFO  : Context for 'APU' is selected.
21:34:50 INFO  : System reset is completed.
21:34:53 INFO  : 'after 3000' command is executed.
21:34:53 INFO  : 'targets -set -filter {jtag_cable_name =~ "Digilent Zybo Z7 210351A77F42A" && level==0 && jtag_device_ctx=="jsn-Zybo Z7-210351A77F42A-13722093-0"}' command is executed.
21:34:54 INFO  : Device configured successfully with "C:/Users/jbm/Desktop/mat_pedago/S4e_APP4/S4e_Depart/S4e_Depart.Vitis/S4e_code/_ide/bitstream/main_design_wrapper.bit"
21:34:55 INFO  : Context for 'APU' is selected.
21:34:55 INFO  : Hardware design and registers information is loaded from 'C:/Users/jbm/Desktop/mat_pedago/S4e_APP4/S4e_Depart/S4e_Depart.Vitis/main_design_wrapper/export/main_design_wrapper/hw/main_design_wrapper.xsa'.
21:34:55 INFO  : 'configparams force-mem-access 1' command is executed.
21:34:55 INFO  : Context for 'APU' is selected.
21:34:55 INFO  : 'configparams mdm-detect-bscan-mask 2' command is executed.
21:34:55 INFO  : Context for processor 'microblaze_0' is selected.
21:34:55 INFO  : The application 'C:/Users/jbm/Desktop/mat_pedago/S4e_APP4/S4e_Depart/S4e_Depart.Vitis/S4e_code/Debug/S4e_code.elf' is downloaded to processor 'microblaze_0'.
21:34:55 INFO  : 'configparams force-mem-access 0' command is executed.
21:34:55 INFO  : ----------------XSDB Script----------------
connect -url tcp:127.0.0.1:3121
targets -set -nocase -filter {name =~"APU*"}
rst -system
after 3000
targets -set -filter {jtag_cable_name =~ "Digilent Zybo Z7 210351A77F42A" && level==0 && jtag_device_ctx=="jsn-Zybo Z7-210351A77F42A-13722093-0"}
fpga -file C:/Users/jbm/Desktop/mat_pedago/S4e_APP4/S4e_Depart/S4e_Depart.Vitis/S4e_code/_ide/bitstream/main_design_wrapper.bit
targets -set -nocase -filter {name =~"APU*"}
loadhw -hw C:/Users/jbm/Desktop/mat_pedago/S4e_APP4/S4e_Depart/S4e_Depart.Vitis/main_design_wrapper/export/main_design_wrapper/hw/main_design_wrapper.xsa -mem-ranges [list {0x40000000 0xbfffffff}] -regs
configparams force-mem-access 1
targets -set -nocase -filter {name =~"APU*"}
configparams mdm-detect-bscan-mask 2
targets -set -nocase -filter {name =~ "*microblaze*#0" && bscan=="USER2" }
dow C:/Users/jbm/Desktop/mat_pedago/S4e_APP4/S4e_Depart/S4e_Depart.Vitis/S4e_code/Debug/S4e_code.elf
configparams force-mem-access 0
----------------End of Script----------------

21:34:55 INFO  : Context for processor 'microblaze_0' is selected.
21:34:55 INFO  : 'con' command is executed.
21:34:55 INFO  : ----------------XSDB Script (After Launch)----------------
targets -set -nocase -filter {name =~ "*microblaze*#0" && bscan=="USER2" }
con
----------------End of Script----------------

21:34:55 INFO  : Launch script is exported to file 'C:\Users\jbm\Desktop\mat_pedago\S4e_APP4\S4e_Depart\S4e_Depart.Vitis\S4e_system\_ide\scripts\debugger_s4e_code-default.tcl'
21:49:07 INFO  : Bit file 'C:/Users/jbm/Desktop/mat_pedago/S4e_APP4/S4e_Depart/S4e_Depart.Vitis/S4e_code/_ide/bitstream/download.bit' is generated.
21:52:27 INFO  : Disconnected from the channel tcfchan#9.
16:04:20 INFO  : Launching XSCT server: xsct.bat -n  -interactive C:\Users\jbm\Desktop\mat_pedago\S4e_APP4\S4e_Depart\S4e_Depart.Vitis\temp_xsdb_launch_script.tcl
16:04:22 INFO  : XSCT server has started successfully.
16:04:22 INFO  : Successfully done setting XSCT server connection channel  
16:04:22 INFO  : plnx-install-location is set to ''
16:04:22 INFO  : Successfully done setting workspace for the tool. 
16:04:25 INFO  : Platform repository initialization has completed.
16:04:25 INFO  : Successfully done query RDI_DATADIR 
16:04:25 INFO  : Registering command handlers for Vitis TCF services
16:09:28 INFO  : Connected to target on host '127.0.0.1' and port '3121'.
16:09:32 INFO  : Jtag cable 'Digilent Zybo Z7 210351A77F42A' is selected.
16:09:32 INFO  : 'jtag frequency' command is executed.
16:09:34 INFO  : Context for 'APU' is selected.
16:09:34 INFO  : System reset is completed.
16:09:37 INFO  : 'after 3000' command is executed.
16:09:41 INFO  : 'targets -set -filter {jtag_cable_name =~ "Digilent Zybo Z7 210351A77F42A" && level==0 && jtag_device_ctx=="jsn-Zybo Z7-210351A77F42A-13722093-0"}' command is executed.
16:09:43 INFO  : Device configured successfully with "C:/Users/jbm/Desktop/mat_pedago/S4e_APP4/S4e_Depart/S4e_Depart.Vitis/S4e_code/_ide/bitstream/main_design_wrapper.bit"
16:09:43 INFO  : Context for 'APU' is selected.
16:09:43 INFO  : Hardware design and registers information is loaded from 'C:/Users/jbm/Desktop/mat_pedago/S4e_APP4/S4e_Depart/S4e_Depart.Vitis/main_design_wrapper/export/main_design_wrapper/hw/main_design_wrapper.xsa'.
16:09:43 INFO  : 'configparams force-mem-access 1' command is executed.
16:09:43 INFO  : Context for 'APU' is selected.
16:09:43 INFO  : 'configparams mdm-detect-bscan-mask 2' command is executed.
16:09:43 INFO  : Context for processor 'microblaze_0' is selected.
16:09:43 INFO  : The application 'C:/Users/jbm/Desktop/mat_pedago/S4e_APP4/S4e_Depart/S4e_Depart.Vitis/S4e_code/Debug/S4e_code.elf' is downloaded to processor 'microblaze_0'.
16:09:43 INFO  : 'configparams force-mem-access 0' command is executed.
16:09:43 INFO  : ----------------XSDB Script----------------
connect -url tcp:127.0.0.1:3121
targets -set -nocase -filter {name =~"APU*"}
rst -system
after 3000
targets -set -filter {jtag_cable_name =~ "Digilent Zybo Z7 210351A77F42A" && level==0 && jtag_device_ctx=="jsn-Zybo Z7-210351A77F42A-13722093-0"}
fpga -file C:/Users/jbm/Desktop/mat_pedago/S4e_APP4/S4e_Depart/S4e_Depart.Vitis/S4e_code/_ide/bitstream/main_design_wrapper.bit
targets -set -nocase -filter {name =~"APU*"}
loadhw -hw C:/Users/jbm/Desktop/mat_pedago/S4e_APP4/S4e_Depart/S4e_Depart.Vitis/main_design_wrapper/export/main_design_wrapper/hw/main_design_wrapper.xsa -mem-ranges [list {0x40000000 0xbfffffff}] -regs
configparams force-mem-access 1
targets -set -nocase -filter {name =~"APU*"}
configparams mdm-detect-bscan-mask 2
targets -set -nocase -filter {name =~ "*microblaze*#0" && bscan=="USER2" }
dow C:/Users/jbm/Desktop/mat_pedago/S4e_APP4/S4e_Depart/S4e_Depart.Vitis/S4e_code/Debug/S4e_code.elf
configparams force-mem-access 0
----------------End of Script----------------

16:09:44 INFO  : Context for processor 'microblaze_0' is selected.
16:09:44 INFO  : 'con' command is executed.
16:09:44 INFO  : ----------------XSDB Script (After Launch)----------------
targets -set -nocase -filter {name =~ "*microblaze*#0" && bscan=="USER2" }
con
----------------End of Script----------------

16:09:44 INFO  : Launch script is exported to file 'C:\Users\jbm\Desktop\mat_pedago\S4e_APP4\S4e_Depart\S4e_Depart.Vitis\S4e_system\_ide\scripts\debugger_s4e_code-default.tcl'
16:09:44 WARN  : Processor 'microblaze_0' is not supported for performance analysis as extended debug is not enabled.
16:09:44 WARN  : Processor 'microblaze_0' is not supported for performance analysis as extended debug is not enabled.
16:09:45 WARN  : Processor 'microblaze_0' is not supported for performance analysis as extended debug is not enabled.
16:16:01 INFO  : Invoking Bootgen: bootgen -image output.bif -arch zynq -o C:/Users/jbm/Desktop/mat_pedago/S4e_APP4/S4e_Depart/S4e_Depart.Vitis/Boot_Image/BOOT.bin
16:16:01 INFO  : Creating new bif file C:\Users\jbm\Desktop\mat_pedago\S4e_APP4\S4e_Depart\S4e_Depart.Vitis\Boot_Image\output.bif
16:16:04 INFO  : Bootgen command execution is done.
16:18:14 INFO  : Disconnected from the channel tcfchan#1.
16:21:06 INFO  : Connected to target on host '127.0.0.1' and port '3121'.
16:21:28 INFO  : Connected to target on host '127.0.0.1' and port '3121'.
16:21:28 INFO  : Jtag cable 'Digilent Zybo Z7 210351A77F42A' is selected.
16:21:28 INFO  : 'jtag frequency' command is executed.
16:21:28 INFO  : Context for 'APU' is selected.
16:21:28 INFO  : System reset is completed.
16:21:31 INFO  : 'after 3000' command is executed.
16:21:32 INFO  : 'targets -set -filter {jtag_cable_name =~ "Digilent Zybo Z7 210351A77F42A" && level==0 && jtag_device_ctx=="jsn-Zybo Z7-210351A77F42A-13722093-0"}' command is executed.
16:21:33 INFO  : Device configured successfully with "C:/Users/jbm/Desktop/mat_pedago/S4e_APP4/S4e_Depart/S4e_Depart.Vitis/S4e_code/_ide/bitstream/main_design_wrapper.bit"
16:21:33 INFO  : Context for 'APU' is selected.
16:21:35 INFO  : Hardware design and registers information is loaded from 'C:/Users/jbm/Desktop/mat_pedago/S4e_APP4/S4e_Depart/S4e_Depart.Vitis/main_design_wrapper/export/main_design_wrapper/hw/main_design_wrapper.xsa'.
16:21:35 INFO  : 'configparams force-mem-access 1' command is executed.
16:21:35 INFO  : Context for 'APU' is selected.
16:21:35 INFO  : 'configparams mdm-detect-bscan-mask 2' command is executed.
16:21:35 INFO  : Context for processor 'microblaze_0' is selected.
16:21:36 INFO  : The application 'C:/Users/jbm/Desktop/mat_pedago/S4e_APP4/S4e_Depart/S4e_Depart.Vitis/S4e_code/Debug/S4e_code.elf' is downloaded to processor 'microblaze_0'.
16:21:36 INFO  : 'configparams force-mem-access 0' command is executed.
16:21:36 INFO  : ----------------XSDB Script----------------
connect -url tcp:127.0.0.1:3121
targets -set -nocase -filter {name =~"APU*"}
rst -system
after 3000
targets -set -filter {jtag_cable_name =~ "Digilent Zybo Z7 210351A77F42A" && level==0 && jtag_device_ctx=="jsn-Zybo Z7-210351A77F42A-13722093-0"}
fpga -file C:/Users/jbm/Desktop/mat_pedago/S4e_APP4/S4e_Depart/S4e_Depart.Vitis/S4e_code/_ide/bitstream/main_design_wrapper.bit
targets -set -nocase -filter {name =~"APU*"}
loadhw -hw C:/Users/jbm/Desktop/mat_pedago/S4e_APP4/S4e_Depart/S4e_Depart.Vitis/main_design_wrapper/export/main_design_wrapper/hw/main_design_wrapper.xsa -mem-ranges [list {0x40000000 0xbfffffff}] -regs
configparams force-mem-access 1
targets -set -nocase -filter {name =~"APU*"}
configparams mdm-detect-bscan-mask 2
targets -set -nocase -filter {name =~ "*microblaze*#0" && bscan=="USER2" }
dow C:/Users/jbm/Desktop/mat_pedago/S4e_APP4/S4e_Depart/S4e_Depart.Vitis/S4e_code/Debug/S4e_code.elf
configparams force-mem-access 0
----------------End of Script----------------

16:21:36 INFO  : Context for processor 'microblaze_0' is selected.
16:21:36 INFO  : 'con' command is executed.
16:21:36 INFO  : ----------------XSDB Script (After Launch)----------------
targets -set -nocase -filter {name =~ "*microblaze*#0" && bscan=="USER2" }
con
----------------End of Script----------------

16:21:36 INFO  : Launch script is exported to file 'C:\Users\jbm\Desktop\mat_pedago\S4e_APP4\S4e_Depart\S4e_Depart.Vitis\S4e_system\_ide\scripts\debugger_s4e_code-program_and_debug.tcl'
16:21:36 WARN  : Processor 'microblaze_0' is not supported for performance analysis as extended debug is not enabled.
16:21:37 WARN  : Processor 'microblaze_0' is not supported for performance analysis as extended debug is not enabled.
16:21:37 WARN  : Processor 'microblaze_0' is not supported for performance analysis as extended debug is not enabled.
16:26:03 INFO  : Bit file 'C:/Users/jbm/Desktop/mat_pedago/S4e_APP4/S4e_Depart/S4e_Depart.Vitis/S4e_code/_ide/bitstream/download.bit' is generated.
16:26:51 INFO  : Invoking Bootgen: bootgen -image output.bif -arch zynq -o C:/Users/jbm/Desktop/mat_pedago/S4e_APP4/S4e_Depart/S4e_Depart.Vitis/Boot_Image/BOOT.bin -w on
16:26:53 INFO  : Bootgen command execution is done.
16:27:01 INFO  : Disconnected from the channel tcfchan#2.
16:29:43 INFO  : Connected to target on host '127.0.0.1' and port '3121'.
16:34:02 INFO  : Build configuration of 'S4e_system' is updated to 'Release'
16:34:02 INFO  : Build configuration of system project is automatically updated to 'Release'.
16:34:47 INFO  : Checking for BSP changes to sync application flags for project 'S4e_code'...
16:36:08 INFO  : Checking for BSP changes to sync application flags for project 'S4e_code'...
16:36:42 INFO  : Checking for BSP changes to sync application flags for project 'S4e_code'...
16:37:39 INFO  : Build configuration of 'S4e_system' is updated to 'Debug'
16:37:39 INFO  : Build configuration of system project is automatically updated to 'Debug'.
16:37:44 INFO  : Checking for BSP changes to sync application flags for project 'S4e_code'...
17:47:25 INFO  : Launching XSCT server: xsct.bat -n  -interactive C:\Users\jbm\Desktop\mat_pedago\S4e_APP4\S4e_Depart\S4e_Depart.Vitis\temp_xsdb_launch_script.tcl
17:47:27 INFO  : XSCT server has started successfully.
17:47:27 INFO  : plnx-install-location is set to ''
17:47:27 INFO  : Successfully done setting XSCT server connection channel  
17:47:27 INFO  : Successfully done setting workspace for the tool. 
17:47:29 INFO  : Platform repository initialization has completed.
17:47:30 INFO  : Successfully done query RDI_DATADIR 
17:47:30 INFO  : Registering command handlers for Vitis TCF services
14:26:41 INFO  : Launching XSCT server: xsct.bat -n  -interactive C:\Users\jbm\Desktop\mat_pedago\S4e_APP4\S4e_Depart\S4e_Depart.Vitis\temp_xsdb_launch_script.tcl
14:26:43 INFO  : XSCT server has started successfully.
14:26:43 INFO  : Successfully done setting XSCT server connection channel  
14:26:43 INFO  : plnx-install-location is set to ''
14:26:43 INFO  : Successfully done setting workspace for the tool. 
14:26:46 INFO  : Platform repository initialization has completed.
14:26:47 INFO  : Registering command handlers for Vitis TCF services
14:26:47 INFO  : Successfully done query RDI_DATADIR 
14:39:20 INFO  : Connected to target on host '127.0.0.1' and port '3121'.
14:39:23 INFO  : Jtag cable 'Digilent Zybo Z7 210351A77F42A' is selected.
14:39:23 INFO  : 'jtag frequency' command is executed.
14:39:24 INFO  : Context for 'APU' is selected.
14:39:24 INFO  : System reset is completed.
14:39:27 INFO  : 'after 3000' command is executed.
14:39:29 INFO  : 'targets -set -filter {jtag_cable_name =~ "Digilent Zybo Z7 210351A77F42A" && level==0 && jtag_device_ctx=="jsn-Zybo Z7-210351A77F42A-13722093-0"}' command is executed.
14:39:31 INFO  : Device configured successfully with "C:/Users/jbm/Desktop/mat_pedago/S4e_APP4/S4e_Depart/S4e_Depart.Vitis/S4e_code/_ide/bitstream/main_design_wrapper.bit"
14:39:32 INFO  : Context for 'APU' is selected.
14:39:32 INFO  : Hardware design and registers information is loaded from 'C:/Users/jbm/Desktop/mat_pedago/S4e_APP4/S4e_Depart/S4e_Depart.Vitis/main_design_wrapper/export/main_design_wrapper/hw/main_design_wrapper.xsa'.
14:39:32 INFO  : 'configparams force-mem-access 1' command is executed.
14:39:32 INFO  : Context for 'APU' is selected.
14:39:32 INFO  : 'configparams mdm-detect-bscan-mask 2' command is executed.
14:39:32 INFO  : Context for processor 'microblaze_0' is selected.
14:39:33 INFO  : The application 'C:/Users/jbm/Desktop/mat_pedago/S4e_APP4/S4e_Depart/S4e_Depart.Vitis/S4e_code/Debug/S4e_code.elf' is downloaded to processor 'microblaze_0'.
14:39:33 INFO  : 'configparams force-mem-access 0' command is executed.
14:39:33 INFO  : ----------------XSDB Script----------------
connect -url tcp:127.0.0.1:3121
targets -set -nocase -filter {name =~"APU*"}
rst -system
after 3000
targets -set -filter {jtag_cable_name =~ "Digilent Zybo Z7 210351A77F42A" && level==0 && jtag_device_ctx=="jsn-Zybo Z7-210351A77F42A-13722093-0"}
fpga -file C:/Users/jbm/Desktop/mat_pedago/S4e_APP4/S4e_Depart/S4e_Depart.Vitis/S4e_code/_ide/bitstream/main_design_wrapper.bit
targets -set -nocase -filter {name =~"APU*"}
loadhw -hw C:/Users/jbm/Desktop/mat_pedago/S4e_APP4/S4e_Depart/S4e_Depart.Vitis/main_design_wrapper/export/main_design_wrapper/hw/main_design_wrapper.xsa -mem-ranges [list {0x40000000 0xbfffffff}] -regs
configparams force-mem-access 1
targets -set -nocase -filter {name =~"APU*"}
configparams mdm-detect-bscan-mask 2
targets -set -nocase -filter {name =~ "*microblaze*#0" && bscan=="USER2" }
dow C:/Users/jbm/Desktop/mat_pedago/S4e_APP4/S4e_Depart/S4e_Depart.Vitis/S4e_code/Debug/S4e_code.elf
configparams force-mem-access 0
----------------End of Script----------------

14:39:33 INFO  : Context for processor 'microblaze_0' is selected.
14:39:33 INFO  : 'con' command is executed.
14:39:33 INFO  : ----------------XSDB Script (After Launch)----------------
targets -set -nocase -filter {name =~ "*microblaze*#0" && bscan=="USER2" }
con
----------------End of Script----------------

14:39:33 INFO  : Launch script is exported to file 'C:\Users\jbm\Desktop\mat_pedago\S4e_APP4\S4e_Depart\S4e_Depart.Vitis\S4e_system\_ide\scripts\debugger_s4e_code-program_and_debug.tcl'
15:00:59 INFO  : Disconnected from the channel tcfchan#1.
19:34:28 INFO  : Launching XSCT server: xsct.bat -n  -interactive C:\Users\jbm\Desktop\mat_pedago\S4e_APP4\S4e_Depart\S4e_Depart.Vitis\temp_xsdb_launch_script.tcl
19:34:30 INFO  : XSCT server has started successfully.
19:34:30 INFO  : plnx-install-location is set to ''
19:34:30 INFO  : Successfully done setting XSCT server connection channel  
19:34:30 INFO  : Successfully done setting workspace for the tool. 
19:34:33 INFO  : Platform repository initialization has completed.
19:34:33 INFO  : Successfully done query RDI_DATADIR 
19:34:34 INFO  : Registering command handlers for Vitis TCF services
19:44:13 INFO  : Bit file 'C:/Users/jbm/Desktop/mat_pedago/S4e_APP4/S4e_Depart/S4e_Depart.Vitis/S4e_code/_ide/bitstream/download.bit' is generated.
13:14:26 INFO  : Launching XSCT server: xsct.bat -n  -interactive C:\Users\jbm\Desktop\mat_pedago\S4e_APP4\S4e_Depart_etud\S4e_Depart.Vitis\temp_xsdb_launch_script.tcl
13:14:28 INFO  : XSCT server has started successfully.
13:14:28 INFO  : plnx-install-location is set to ''
13:14:28 INFO  : Successfully done setting XSCT server connection channel  
13:14:28 INFO  : Successfully done setting workspace for the tool. 
13:14:31 INFO  : Platform repository initialization has completed.
13:14:32 INFO  : Registering command handlers for Vitis TCF services
13:14:32 INFO  : Successfully done query RDI_DATADIR 
13:15:03 INFO  : Hardware specification for platform project 'main_design_wrapper' is updated.
13:15:20 INFO  : Result from executing command 'getProjects': main_design_wrapper
13:15:20 INFO  : Result from executing command 'getPlatforms': main_design_wrapper|C:/Users/jbm/Desktop/mat_pedago/S4e_APP4/S4e_Depart/S4e_Depart.Vitis/main_design_wrapper/export/main_design_wrapper/main_design_wrapper.xpfm
13:15:24 INFO  : Checking for BSP changes to sync application flags for project 'S4e_code'...
13:15:53 INFO  : Result from executing command 'getProjects': main_design_wrapper
13:15:53 INFO  : Result from executing command 'getPlatforms': main_design_wrapper|C:/Users/jbm/Desktop/mat_pedago/S4e_APP4/S4e_Depart/S4e_Depart.Vitis/main_design_wrapper/export/main_design_wrapper/main_design_wrapper.xpfm;main_design_wrapper|C:/Users/jbm/Desktop/mat_pedago/S4e_APP4/S4e_Depart_etud/S4e_Depart.Vitis/main_design_wrapper/export/main_design_wrapper/main_design_wrapper.xpfm
13:15:53 INFO  : Checking for BSP changes to sync application flags for project 'S4e_code'...
13:19:25 INFO  : Launching XSCT server: xsct.bat -n  -interactive C:\Users\jbm\Desktop\mat_pedago\S4e_APP4\S4e_Depart_etud\S4e_Depart.Vitis\temp_xsdb_launch_script.tcl
13:19:27 INFO  : XSCT server has started successfully.
13:19:27 INFO  : plnx-install-location is set to ''
13:19:27 INFO  : Successfully done setting XSCT server connection channel  
13:19:27 INFO  : Successfully done setting workspace for the tool. 
13:19:30 INFO  : Platform repository initialization has completed.
13:19:30 INFO  : Successfully done query RDI_DATADIR 
13:19:31 INFO  : Registering command handlers for Vitis TCF services
21:58:32 INFO  : Launching XSCT server: xsct.bat -n  -interactive C:\Users\PC\Documents\GitHub\S4_APP4\Zybo\S4e_APP4_zybo_etud\S4e_Depart_etud\S4e_Depart.Vitis\temp_xsdb_launch_script.tcl
21:58:37 INFO  : XSCT server has started successfully.
21:58:37 INFO  : plnx-install-location is set to ''
21:58:37 INFO  : Successfully done setting XSCT server connection channel  
21:58:37 INFO  : Successfully done setting workspace for the tool. 
21:58:52 ERROR : Error encountered while initializing user repository paths
Reason: No Platforms Found.


21:58:52 INFO  : Platform repository initialization has completed.
21:58:52 INFO  : Registering command handlers for Vitis TCF services
21:58:53 INFO  : Successfully done query RDI_DATADIR 
